<?xml version="1.0" encoding="UTF-8"?>
<!-- Generated by org.testng.reporters.JUnitXMLReporter -->
<testsuite hostname="QAP28-PC" ignored="0" name="Default test" tests="4" failures="0" timestamp="06 Feb 2020 10:41:25 GMT" time="53.664" errors="0">
  <testcase name="TC1" time="18.352" classname="pckg.cls1"/>
  <testcase name="TC1" time="10.732" classname="pckg.cls1"/>
  <testcase name="TC1" time="8.094" classname="pckg.cls1"/>
  <testcase name="TC1" time="16.439" classname="pckg.cls1"/>
</testsuite> <!-- Default test -->
