<?xml version="1.0" encoding="UTF-8"?>
<!-- Generated by org.testng.reporters.JUnitXMLReporter -->
<testsuite hostname="QAP28-PC" ignored="0" name="Test" tests="6" failures="0" timestamp="22 May 2011 20:57:03 GMT" time="52.387" errors="0">
  <testcase name="tc2_1" time="1.936" classname="p1.Frame"/>
  <testcase name="tc2_2" time="0.511" classname="p1.Frame"/>
  <testcase name="tc2_3" time="0.5" classname="p1.Frame"/>
  <testcase name="tc2_4" time="0.5" classname="p1.Frame"/>
  <testcase name="tc2_5" time="1.19" classname="p1.Frame"/>
  <testcase name="tc3_6" time="0.237" classname="p1.Frame"/>
</testsuite> <!-- Test -->
