<?xml version="1.0" encoding="UTF-8"?>
<testng-results skipped="0" failed="0" ignored="0" total="1" passed="1">
  <reporter-output>
  </reporter-output>
  <suite name="Suite" duration-ms="28403" started-at="2011-05-22T18:33:22Z" finished-at="2011-05-22T18:33:51Z">
    <groups>
    </groups>
    <test name="Test" duration-ms="28403" started-at="2011-05-22T18:33:22Z" finished-at="2011-05-22T18:33:51Z">
      <class name="pckg.Crossb">
        <test-method status="PASS" signature="CrB(java.lang.String)[pri:0, instance:pckg.Crossb@15b5592]" name="CrB" duration-ms="28368" started-at="2011-05-22T18:33:22Z" finished-at="2011-05-22T18:33:51Z">
          <params>
            <param index="0">
              <value>
                <![CDATA[ff]]>
              </value>
            </param>
          </params>
          <reporter-output>
          </reporter-output>
        </test-method> <!-- CrB -->
      </class> <!-- pckg.Crossb -->
    </test> <!-- Test -->
  </suite> <!-- Suite -->
</testng-results>
